Determining if the pthread_create exist failed with the following output:
Change Dir: /home/bc/ros/indigo/catkin_ws/src/my_pcl_tutorial/CMakeFiles/CMakeTmp

Run Build Command:/usr/bin/make "cmTryCompileExec2385944937/fast"
/usr/bin/make -f CMakeFiles/cmTryCompileExec2385944937.dir/build.make CMakeFiles/cmTryCompileExec2385944937.dir/build
make[1]: Entering directory `/home/bc/ros/indigo/catkin_ws/src/my_pcl_tutorial/CMakeFiles/CMakeTmp'
/usr/bin/cmake -E cmake_progress_report /home/bc/ros/indigo/catkin_ws/src/my_pcl_tutorial/CMakeFiles/CMakeTmp/CMakeFiles 1
Building C object CMakeFiles/cmTryCompileExec2385944937.dir/CheckSymbolExists.c.o
/usr/bin/cc    -o CMakeFiles/cmTryCompileExec2385944937.dir/CheckSymbolExists.c.o   -c /home/bc/ros/indigo/catkin_ws/src/my_pcl_tutorial/CMakeFiles/CMakeTmp/CheckSymbolExists.c
Linking C executable cmTryCompileExec2385944937
/usr/bin/cmake -E cmake_link_script CMakeFiles/cmTryCompileExec2385944937.dir/link.txt --verbose=1
/usr/bin/cc       CMakeFiles/cmTryCompileExec2385944937.dir/CheckSymbolExists.c.o  -o cmTryCompileExec2385944937 -rdynamic 
CMakeFiles/cmTryCompileExec2385944937.dir/CheckSymbolExists.c.o: In function `main':
CheckSymbolExists.c:(.text+0x16): undefined reference to `pthread_create'
collect2: error: ld returned 1 exit status
make[1]: Leaving directory `/home/bc/ros/indigo/catkin_ws/src/my_pcl_tutorial/CMakeFiles/CMakeTmp'
make[1]: *** [cmTryCompileExec2385944937] Error 1
make: *** [cmTryCompileExec2385944937/fast] Error 2

File /home/bc/ros/indigo/catkin_ws/src/my_pcl_tutorial/CMakeFiles/CMakeTmp/CheckSymbolExists.c:
/* */
#include <pthread.h>

int main(int argc, char** argv)
{
  (void)argv;
#ifndef pthread_create
  return ((int*)(&pthread_create))[argc];
#else
  (void)argc;
  return 0;
#endif
}

Determining if the function pthread_create exists in the pthreads failed with the following output:
Change Dir: /home/bc/ros/indigo/catkin_ws/src/my_pcl_tutorial/CMakeFiles/CMakeTmp

Run Build Command:/usr/bin/make "cmTryCompileExec272394409/fast"
/usr/bin/make -f CMakeFiles/cmTryCompileExec272394409.dir/build.make CMakeFiles/cmTryCompileExec272394409.dir/build
make[1]: Entering directory `/home/bc/ros/indigo/catkin_ws/src/my_pcl_tutorial/CMakeFiles/CMakeTmp'
/usr/bin/cmake -E cmake_progress_report /home/bc/ros/indigo/catkin_ws/src/my_pcl_tutorial/CMakeFiles/CMakeTmp/CMakeFiles 1
Building C object CMakeFiles/cmTryCompileExec272394409.dir/CheckFunctionExists.c.o
/usr/bin/cc   -DCHECK_FUNCTION_EXISTS=pthread_create   -o CMakeFiles/cmTryCompileExec272394409.dir/CheckFunctionExists.c.o   -c /usr/share/cmake-2.8/Modules/CheckFunctionExists.c
Linking C executable cmTryCompileExec272394409
/usr/bin/cmake -E cmake_link_script CMakeFiles/cmTryCompileExec272394409.dir/link.txt --verbose=1
/usr/bin/cc   -DCHECK_FUNCTION_EXISTS=pthread_create    CMakeFiles/cmTryCompileExec272394409.dir/CheckFunctionExists.c.o  -o cmTryCompileExec272394409 -rdynamic -lpthreads 
/usr/bin/ld: cannot find -lpthreads
collect2: error: ld returned 1 exit status
make[1]: *** [cmTryCompileExec272394409] Error 1
make[1]: Leaving directory `/home/bc/ros/indigo/catkin_ws/src/my_pcl_tutorial/CMakeFiles/CMakeTmp'
make: *** [cmTryCompileExec272394409/fast] Error 2


